<?xml version="1.0" encoding="UTF-8"?>
<!-- Generated by org.testng.reporters.JUnitReportReporter -->
<testsuite hostname="Nishant" failures="0" tests="3" name="YUVA.tests.NSSProgramOfficerRegistrationAnditsVerificationTest" time="113.556" errors="0" timestamp="15 Oct 2023 05:44:20 GMT" skipped="1">
  <testcase classname="YUVA.tests.NSSProgramOfficerRegistrationAnditsVerificationTest" name="NSSOAccountVerification" time="59.176"/>
  <testcase classname="YUVA.tests.NSSProgramOfficerRegistrationAnditsVerificationTest" name="loginAsNSSOAndVerifyYouth" time="54.380"/>
  <testcase classname="YUVA.tests.NSSProgramOfficerRegistrationAnditsVerificationTest" name="registerAsNSSO">
    <skipped/>
  </testcase> <!-- registerAsNSSO -->
</testsuite> <!-- YUVA.tests.NSSProgramOfficerRegistrationAnditsVerificationTest -->
