<?xml version="1.0" encoding="UTF-8"?>
<!-- Generated by org.testng.reporters.JUnitReportReporter -->
<testsuite hostname="Nishant" failures="0" tests="3" name="YUVA.tests.PartnerRegistrationAndVerificationAndELOCreation" time="312.149" errors="0" timestamp="12 Oct 2023 04:35:23 GMT" skipped="0">
  <testcase classname="YUVA.tests.PartnerRegistrationAndVerificationAndELOCreation" name="registerAsGovtOrg" time="102.048"/>
  <testcase classname="YUVA.tests.PartnerRegistrationAndVerificationAndELOCreation" name="partnerVerification" time="94.041"/>
  <testcase classname="YUVA.tests.PartnerRegistrationAndVerificationAndELOCreation" name="ELOcreate" time="116.060"/>
</testsuite> <!-- YUVA.tests.PartnerRegistrationAndVerificationAndELOCreation -->
