<?xml version="1.0" encoding="UTF-8"?>
<!-- Generated by org.testng.reporters.JUnitReportReporter -->
<testsuite hostname="Nishant" failures="0" tests="1" name="YUVA.tests.ErrorValidationsTest" time="24.173" errors="0" timestamp="29 Mar 2024 16:02:42 GMT" skipped="0">
  <testcase classname="YUVA.tests.ErrorValidationsTest" name="OTPErrorValidation" time="24.173"/>
</testsuite> <!-- YUVA.tests.ErrorValidationsTest -->
