<?xml version="1.0" encoding="UTF-8"?>
<!-- Generated by org.testng.reporters.JUnitReportReporter -->
<testsuite hostname="Nishant" failures="0" tests="1" name="YUVA.tests.policeOrgCreationTest" time="66.359" errors="0" timestamp="09 Oct 2023 13:47:27 GMT" skipped="0">
  <testcase classname="YUVA.tests.policeOrgCreationTest" name="registerpoliceOrgCreation" time="66.359"/>
</testsuite> <!-- YUVA.tests.policeOrgCreationTest -->
