<?xml version="1.0" encoding="UTF-8"?>
<!-- Generated by org.testng.reporters.JUnitReportReporter -->
<testsuite hostname="Nishant" failures="0" tests="1" name="YUVA.tests.PartnerRegistrationUsingMobileNumber" time="69.354" errors="0" timestamp="09 Oct 2023 13:47:27 GMT" skipped="0">
  <testcase classname="YUVA.tests.PartnerRegistrationUsingMobileNumber" name="registerAsGovtOrg" time="69.354"/>
</testsuite> <!-- YUVA.tests.PartnerRegistrationUsingMobileNumber -->
