<?xml version="1.0" encoding="UTF-8"?>
<!-- Generated by org.testng.reporters.JUnitReportReporter -->
<testsuite hostname="Nishant" failures="0" tests="1" name="YUVA.tests.PartnerRegistrationUsingMobileNumberAndELOCreationTest" time="104.644" errors="0" timestamp="09 Oct 2023 08:48:35 GMT" skipped="0">
  <testcase classname="YUVA.tests.PartnerRegistrationUsingMobileNumberAndELOCreationTest" name="registerAsGovtOrg" time="104.644"/>
</testsuite> <!-- YUVA.tests.PartnerRegistrationUsingMobileNumberAndELOCreationTest -->
